16 Jul 2018 14:42:58,770 main - File is already exist
16 Jul 2018 14:44:04,074 main - File is already exist
16 Jul 2018 14:44:04,080 main - File rename successful
16 Jul 2018 14:44:35,229 main - File is created !!
16 Jul 2018 14:44:35,233 main - File reanme failed
16 Jul 2018 14:45:35,673 main - File is already exist
16 Jul 2018 14:45:35,678 main - File reanme failed
16 Jul 2018 14:45:35,696 main - File is moved successful!
16 Jul 2018 14:46:01,012 main - File is created !!
16 Jul 2018 14:46:01,014 main - File reanme failed
16 Jul 2018 14:46:01,016 main - File is failed to move!
16 Jul 2018 14:46:40,950 main - File is already exist
16 Jul 2018 14:46:40,953 main - File reanme failed
16 Jul 2018 14:46:40,956 main - File is failed to move!
16 Jul 2018 14:54:39,276 main - File is already exist
16 Jul 2018 14:54:39,278 main - File reanme failed
16 Jul 2018 14:54:39,280 main - File is failed to move!
16 Jul 2018 14:57:13,260 main - File is already exist
16 Jul 2018 14:57:13,261 main - File reanme failed
16 Jul 2018 14:57:13,263 main - File is failed to move!
